<?xml version="1.0" encoding="UTF-8"?>
<!-- Generated by org.testng.reporters.JUnitReportReporter -->
<testsuite hostname="SKY-20171108CCC" name="baidu.testbaidu" tests="1" failures="0" timestamp="20 Mar 2019 00:57:44 GMT" time="10.388" errors="0">
  <testcase name="bd" time="10.388" classname="baidu.testbaidu"/>
</testsuite> <!-- baidu.testbaidu -->
