<?xml version="1.0" encoding="UTF-8"?>
<!-- Generated by org.testng.reporters.JUnitReportReporter -->
<testsuite hostname="SKY-20171108CCC" name="baidu.testbaidu" tests="1" failures="0" timestamp="14 Mar 2019 06:29:07 GMT" time="4.775" errors="0">
  <testcase name="bd" time="4.775" classname="baidu.testbaidu"/>
</testsuite> <!-- baidu.testbaidu -->
